0 info it worked if it ends with ok
1 verbose cli [ 'E:\\Program Files\\nodejs\\node.exe',
1 verbose cli   'C:\\Users\\Administrator\\AppData\\Roaming\\npm\\node_modules\\cnpm\\node_modules\\npm\\bin\\npm-cli.js',
1 verbose cli   '--userconfig=C:\\Users\\Administrator\\.cnpmrc',
1 verbose cli   '--disturl=https://npm.taobao.org/mirrors/node',
1 verbose cli   '--registry=https://registry.npm.taobao.org',
1 verbose cli   'run',
1 verbose cli   'start' ]
2 info using npm@3.10.10
3 info using node@v8.1.4
4 verbose run-script [ 'prestart', 'start', 'poststart' ]
5 info lifecycle electronic-mall@1.0.0~prestart: electronic-mall@1.0.0
6 silly lifecycle electronic-mall@1.0.0~prestart: no script for prestart, continuing
7 info lifecycle electronic-mall@1.0.0~start: electronic-mall@1.0.0
8 verbose lifecycle electronic-mall@1.0.0~start: unsafe-perm in lifecycle true
9 verbose lifecycle electronic-mall@1.0.0~start: PATH: C:\Users\Administrator\AppData\Roaming\npm\node_modules\cnpm\node_modules\npm\bin\node-gyp-bin;G:\electronic-mall\node_modules\.bin;C:\Windows\system32;C:\Windows;C:\Windows\System32\Wbem;C:\Windows\System32\WindowsPowerShell\v1.0\;e:\Program Files\Git\bin;E:\Program Files\nodejs\;C:\Users\Administrator\AppData\Roaming\npm
10 verbose lifecycle electronic-mall@1.0.0~start: CWD: G:\electronic-mall
11 silly lifecycle electronic-mall@1.0.0~start: Args: [ '/d /s /c',
11 silly lifecycle   'set NODE_ENV=dev && webpack-dev-server --progress --colors' ]
12 silly lifecycle electronic-mall@1.0.0~start: Returned: code: 1  signal: null
13 info lifecycle electronic-mall@1.0.0~start: Failed to exec start script
14 verbose stack Error: electronic-mall@1.0.0 start: `set NODE_ENV=dev && webpack-dev-server --progress --colors`
14 verbose stack Exit status 1
14 verbose stack     at EventEmitter.<anonymous> (C:\Users\Administrator\AppData\Roaming\npm\node_modules\cnpm\node_modules\npm\lib\utils\lifecycle.js:255:16)
14 verbose stack     at emitTwo (events.js:125:13)
14 verbose stack     at EventEmitter.emit (events.js:213:7)
14 verbose stack     at ChildProcess.<anonymous> (C:\Users\Administrator\AppData\Roaming\npm\node_modules\cnpm\node_modules\npm\lib\utils\spawn.js:40:14)
14 verbose stack     at emitTwo (events.js:125:13)
14 verbose stack     at ChildProcess.emit (events.js:213:7)
14 verbose stack     at maybeClose (internal/child_process.js:897:16)
14 verbose stack     at Process.ChildProcess._handle.onexit (internal/child_process.js:208:5)
15 verbose pkgid electronic-mall@1.0.0
16 verbose cwd G:\electronic-mall
17 error Windows_NT 6.1.7601
18 error argv "E:\\Program Files\\nodejs\\node.exe" "C:\\Users\\Administrator\\AppData\\Roaming\\npm\\node_modules\\cnpm\\node_modules\\npm\\bin\\npm-cli.js" "--userconfig=C:\\Users\\Administrator\\.cnpmrc" "--disturl=https://npm.taobao.org/mirrors/node" "--registry=https://registry.npm.taobao.org" "run" "start"
19 error node v8.1.4
20 error npm  v3.10.10
21 error code ELIFECYCLE
22 error electronic-mall@1.0.0 start: `set NODE_ENV=dev && webpack-dev-server --progress --colors`
22 error Exit status 1
23 error Failed at the electronic-mall@1.0.0 start script 'set NODE_ENV=dev && webpack-dev-server --progress --colors'.
23 error Make sure you have the latest version of node.js and npm installed.
23 error If you do, this is most likely a problem with the electronic-mall package,
23 error not with npm itself.
23 error Tell the author that this fails on your system:
23 error     set NODE_ENV=dev && webpack-dev-server --progress --colors
23 error You can get information on how to open an issue for this project with:
23 error     npm bugs electronic-mall
23 error Or if that isn't available, you can get their info via:
23 error     npm owner ls electronic-mall
23 error There is likely additional logging output above.
24 verbose exit [ 1, true ]
